0 info it worked if it ends with ok
1 verbose cli [ '/usr/bin/nodejs',
1 verbose cli   '/usr/bin/npm',
1 verbose cli   'install',
1 verbose cli   'chartist-plugin-tooltip' ]
2 info using npm@3.5.2
3 info using node@v4.2.6
4 silly loadCurrentTree Starting
5 silly install loadCurrentTree
6 silly install readLocalPackageData
7 silly fetchPackageMetaData chartist-plugin-tooltip
8 silly fetchNamedPackageData chartist-plugin-tooltip
9 silly mapToRegistry name chartist-plugin-tooltip
10 silly mapToRegistry using default registry
11 silly mapToRegistry registry https://registry.npmjs.org/
12 silly mapToRegistry uri https://registry.npmjs.org/chartist-plugin-tooltip
13 verbose request uri https://registry.npmjs.org/chartist-plugin-tooltip
14 verbose request no auth needed
15 info attempt registry request try #1 at 9:41:10 PM
16 verbose request id 6f2fb66a89fb73fc
17 http request GET https://registry.npmjs.org/chartist-plugin-tooltip
18 http 200 https://registry.npmjs.org/chartist-plugin-tooltip
19 verbose headers { server: 'nginx/1.10.1',
19 verbose headers   'content-type': 'application/json',
19 verbose headers   'last-modified': 'Thu, 25 Aug 2016 07:34:10 GMT',
19 verbose headers   etag: 'W/"57be9f72-12c2"',
19 verbose headers   'content-encoding': 'gzip',
19 verbose headers   'cache-control': 'max-age=300',
19 verbose headers   'content-length': '1631',
19 verbose headers   'accept-ranges': 'bytes',
19 verbose headers   date: 'Wed, 01 Mar 2017 20:41:11 GMT',
19 verbose headers   via: '1.1 varnish',
19 verbose headers   age: '0',
19 verbose headers   connection: 'keep-alive',
19 verbose headers   'x-served-by': 'cache-hhn1549-HHN',
19 verbose headers   'x-cache': 'MISS',
19 verbose headers   'x-cache-hits': '0',
19 verbose headers   'x-timer': 'S1488400871.194336,VS0,VE16',
19 verbose headers   vary: 'Accept-Encoding' }
20 silly get cb [ 200,
20 silly get   { server: 'nginx/1.10.1',
20 silly get     'content-type': 'application/json',
20 silly get     'last-modified': 'Thu, 25 Aug 2016 07:34:10 GMT',
20 silly get     etag: 'W/"57be9f72-12c2"',
20 silly get     'content-encoding': 'gzip',
20 silly get     'cache-control': 'max-age=300',
20 silly get     'content-length': '1631',
20 silly get     'accept-ranges': 'bytes',
20 silly get     date: 'Wed, 01 Mar 2017 20:41:11 GMT',
20 silly get     via: '1.1 varnish',
20 silly get     age: '0',
20 silly get     connection: 'keep-alive',
20 silly get     'x-served-by': 'cache-hhn1549-HHN',
20 silly get     'x-cache': 'MISS',
20 silly get     'x-cache-hits': '0',
20 silly get     'x-timer': 'S1488400871.194336,VS0,VE16',
20 silly get     vary: 'Accept-Encoding' } ]
21 verbose get saving chartist-plugin-tooltip to /home/stefano/.npm/registry.npmjs.org/chartist-plugin-tooltip/.cache.json
22 silly install normalizeTree
23 silly loadCurrentTree Finishing
24 silly loadIdealTree Starting
25 silly install loadIdealTree
26 silly cloneCurrentTree Starting
27 silly install cloneCurrentTreeToIdealTree
28 silly cloneCurrentTree Finishing
29 silly loadShrinkwrap Starting
30 silly install loadShrinkwrap
31 silly loadShrinkwrap Finishing
32 silly loadAllDepsIntoIdealTree Starting
33 silly install loadAllDepsIntoIdealTree
34 silly resolveWithNewModule chartist-plugin-tooltip@0.0.11 checking installable status
35 silly cache add args [ 'chartist-plugin-tooltip', null ]
36 verbose cache add spec chartist-plugin-tooltip
37 silly cache add parsed spec Result {
37 silly cache add   raw: 'chartist-plugin-tooltip',
37 silly cache add   scope: null,
37 silly cache add   name: 'chartist-plugin-tooltip',
37 silly cache add   rawSpec: '',
37 silly cache add   spec: 'latest',
37 silly cache add   type: 'tag' }
38 silly addNamed chartist-plugin-tooltip@latest
39 verbose addNamed "latest" is being treated as a dist-tag for chartist-plugin-tooltip
40 info addNameTag [ 'chartist-plugin-tooltip', 'latest' ]
41 silly mapToRegistry name chartist-plugin-tooltip
42 silly mapToRegistry using default registry
43 silly mapToRegistry registry https://registry.npmjs.org/
44 silly mapToRegistry uri https://registry.npmjs.org/chartist-plugin-tooltip
45 verbose addNameTag registry:https://registry.npmjs.org/chartist-plugin-tooltip not in flight; fetching
46 verbose get https://registry.npmjs.org/chartist-plugin-tooltip not expired, no request
47 silly addNameTag next cb for chartist-plugin-tooltip with tag latest
48 silly addNamed chartist-plugin-tooltip@0.0.11
49 verbose addNamed "0.0.11" is a plain semver version for chartist-plugin-tooltip
50 silly mapToRegistry name chartist-plugin-tooltip
51 silly mapToRegistry using default registry
52 silly mapToRegistry registry https://registry.npmjs.org/
53 silly mapToRegistry uri https://registry.npmjs.org/chartist-plugin-tooltip
54 verbose addRemoteTarball https://registry.npmjs.org/chartist-plugin-tooltip/-/chartist-plugin-tooltip-0.0.11.tgz not in flight; adding
55 verbose addRemoteTarball [ 'https://registry.npmjs.org/chartist-plugin-tooltip/-/chartist-plugin-tooltip-0.0.11.tgz',
55 verbose addRemoteTarball   'cec2195fa505f4d34e6d8e41a86bfbcb9bfff461' ]
56 info retry fetch attempt 1 at 9:41:11 PM
57 info attempt registry request try #1 at 9:41:11 PM
58 http fetch GET https://registry.npmjs.org/chartist-plugin-tooltip/-/chartist-plugin-tooltip-0.0.11.tgz
59 http fetch 200 https://registry.npmjs.org/chartist-plugin-tooltip/-/chartist-plugin-tooltip-0.0.11.tgz
60 silly fetchAndShaCheck shasum cec2195fa505f4d34e6d8e41a86bfbcb9bfff461
61 verbose addTmpTarball /tmp/npm-31178-9731b021/registry.npmjs.org/chartist-plugin-tooltip/-/chartist-plugin-tooltip-0.0.11.tgz not in flight; adding
62 verbose addTmpTarball already have metadata; skipping unpack for chartist-plugin-tooltip@0.0.11
63 silly cache afterAdd chartist-plugin-tooltip@0.0.11
64 verbose afterAdd /home/stefano/.npm/chartist-plugin-tooltip/0.0.11/package/package.json not in flight; writing
65 verbose afterAdd /home/stefano/.npm/chartist-plugin-tooltip/0.0.11/package/package.json written
66 silly loadAllDepsIntoIdealTree Finishing
67 silly idealTree:prePrune raceup.github.io
67 silly idealTree:prePrune ├── chartist-plugin-tooltip@0.0.11
67 silly idealTree:prePrune └── chartist-plugin-tooltips@0.0.17
68 silly loadIdealTree Finishing
69 silly currentTree raceup.github.io
69 silly currentTree └── chartist-plugin-tooltips@0.0.17
70 silly idealTree raceup.github.io
70 silly idealTree ├── chartist-plugin-tooltip@0.0.11
70 silly idealTree └── chartist-plugin-tooltips@0.0.17
71 silly generateActionsToTake Starting
72 silly install generateActionsToTake
73 warn checkPermissions Missing write access to /home/stefano/Coding/Webpages/projects/raceup.github.io/node_modules
74 silly rollbackFailedOptional Starting
75 silly rollbackFailedOptional Finishing
76 silly runTopLevelLifecycles Starting
77 silly runTopLevelLifecycles Finishing
78 silly install printInstalled
79 warn enoent ENOENT: no such file or directory, open '/home/stefano/Coding/Webpages/projects/raceup.github.io/package.json'
80 warn raceup.github.io No description
81 warn raceup.github.io No repository field.
82 warn raceup.github.io No README data
83 warn raceup.github.io No license field.
84 verbose stack Error: EACCES: permission denied, access '/home/stefano/Coding/Webpages/projects/raceup.github.io/node_modules'
84 verbose stack     at Error (native)
85 verbose cwd /home/stefano/Coding/Webpages/projects/raceup.github.io
86 error Linux 4.4.0-64-generic
87 error argv "/usr/bin/nodejs" "/usr/bin/npm" "install" "chartist-plugin-tooltip"
88 error node v4.2.6
89 error npm  v3.5.2
90 error path /home/stefano/Coding/Webpages/projects/raceup.github.io/node_modules
91 error code EACCES
92 error errno -13
93 error syscall access
94 error Error: EACCES: permission denied, access '/home/stefano/Coding/Webpages/projects/raceup.github.io/node_modules'
94 error     at Error (native)
94 error  { [Error: EACCES: permission denied, access '/home/stefano/Coding/Webpages/projects/raceup.github.io/node_modules']
94 error   errno: -13,
94 error   code: 'EACCES',
94 error   syscall: 'access',
94 error   path: '/home/stefano/Coding/Webpages/projects/raceup.github.io/node_modules' }
95 error Please try running this command again as root/Administrator.
96 verbose exit [ -13, true ]
